<?xml version="1.0" encoding="UTF-8" ?>
<testsuite errors="0" failures="0" hostname="MiguelFerreira" name="MensagemTest" skipped="0" tests="3" time="0.053" timestamp="2020-03-24T17:08:01">
  <properties>
[...]
</properties>
  <testcase classname="MensagemTest" name="getMessageTestNotNull" time="0.001" />
  <testcase classname="MensagemTest" name="getMessageTestTrue" time="0.0" />
  <testcase classname="MensagemTest" name="getMessageTestFalse" time="0.0" />
  <system-out><![CDATA[]]></system-out>
  <system-err><![CDATA[]]></system-err>
</testsuite>
